<?xml version="1.0" encoding="UTF-8"?>
<!-- Generated by org.testng.reporters.JUnitReportReporter -->
<testsuite skipped="0" hostname="Little-Computer" name="com.java.testcase.TripAdvisorTest" tests="1" failures="0" timestamp="29 Dec 2019 17:51:46 GMT" time="75.760" errors="0">
  <testcase name="tripSearchTest" time="75.760" classname="com.java.testcase.TripAdvisorTest"/>
</testsuite> <!-- com.java.testcase.TripAdvisorTest -->
