<?xml version="1.0" encoding="UTF-8"?>
<!-- Generated by org.testng.reporters.JUnitReportReporter -->
<testsuite skipped="0" hostname="Little-Computer" name="com.java.testcase.PriceComparisonTest" tests="3" failures="0" timestamp="29 Dec 2019 17:51:47 GMT" time="23.727" errors="0">
  <testcase name="amazonSearchTest" time="15.726" classname="com.java.testcase.PriceComparisonTest"/>
  <testcase name="flipkartSearchTest" time="7.998" classname="com.java.testcase.PriceComparisonTest"/>
  <testcase name="priceComparisionTest" time="0.003" classname="com.java.testcase.PriceComparisonTest"/>
</testsuite> <!-- com.java.testcase.PriceComparisonTest -->
