<?xml version="1.0" encoding="UTF-8"?>
<!-- Generated by org.testng.reporters.JUnitReportReporter -->
<testsuite skipped="0" hostname="Bikash" name="com.java.testcase.PriceComparisonTest" tests="3" failures="0" timestamp="13 Jul 2020 13:09:22 GMT" time="20.464" errors="0">
  <testcase name="amazonSearchTest" time="11.151" classname="com.java.testcase.PriceComparisonTest"/>
  <testcase name="flipkartSearchTest" time="9.309" classname="com.java.testcase.PriceComparisonTest"/>
  <testcase name="priceComparisionTest" time="0.004" classname="com.java.testcase.PriceComparisonTest"/>
</testsuite> <!-- com.java.testcase.PriceComparisonTest -->
